JvmtiExport can_access_local_variables 0
JvmtiExport can_hotswap_or_post_breakpoint 0
JvmtiExport can_post_on_exceptions 0
# 116 ciObject found
ciMethod java/lang/Object <init> ()V 4097 1 18951696 0 0
ciMethodData java/lang/Object <init> ()V 2 18951700 orig 264 8 206 201 7 0 0 0 0 128 4 144 6 0 0 0 0 32 1 0 0 0 0 0 0 0 0 0 0 0 0 0 0 0 0 0 0 0 0 0 0 0 0 0 0 0 0 0 0 0 0 0 0 0 0 0 0 0 0 0 0 0 0 0 0 0 0 0 0 0 0 0 0 0 0 0 0 0 0 0 0 77 68 79 32 101 120 116 114 97 32 100 97 116 97 32 108 111 99 107 0 0 0 0 0 0 0 0 0 0 0 0 0 0 0 0 0 0 0 0 0 0 0 0 0 0 0 0 0 0 0 0 0 0 0 0 0 0 0 0 0 0 0 0 0 0 0 0 0 0 0 0 0 0 0 0 0 0 0 0 0 0 0 0 0 0 0 0 0 0 0 0 0 0 0 0 0 0 0 0 0 0 0 0 0 1 0 0 0 0 0 0 0 1 0 0 0 0 0 0 0 1 0 0 0 0 0 0 0 0 0 0 0 0 0 0 0 0 2 0 0 161 96 9 9 1 0 0 0 0 0 0 0 0 0 0 0 2 0 0 0 0 0 3 0 1 0 0 0 0 0 0 0 255 255 255 255 0 0 0 0 0 0 0 0 data 0 oops 0
ciMethod java/util/Objects requireNonNull (Ljava/lang/Object;)Ljava/lang/Object; 3465 1 1272115 0 64
ciMethodData java/util/Objects requireNonNull (Ljava/lang/Object;)Ljava/lang/Object; 2 1272115 orig 264 8 206 201 7 0 0 0 0 104 129 164 6 0 0 0 0 80 1 0 0 0 0 0 0 0 0 0 0 0 0 0 0 0 0 0 0 0 0 0 0 0 0 0 0 0 0 0 0 0 0 0 0 0 0 0 0 0 0 0 0 0 0 0 0 0 0 0 0 0 0 0 0 0 0 0 0 0 0 0 0 77 68 79 32 101 120 116 114 97 32 100 97 116 97 32 108 111 99 107 0 0 0 0 0 0 0 0 0 0 0 0 0 0 0 0 0 0 0 0 0 0 0 0 0 0 0 0 0 0 0 0 0 0 0 0 0 0 0 0 0 0 0 0 0 0 0 0 0 0 0 0 0 0 0 0 0 0 0 0 0 0 0 0 0 0 0 0 0 0 0 0 0 0 0 0 0 0 0 0 0 0 0 0 0 27 0 0 0 0 0 0 0 0 0 0 0 0 0 0 0 1 0 0 0 0 0 0 0 1 0 0 0 0 0 0 0 177 1 0 0 17 60 155 0 1 0 0 0 0 0 0 0 0 0 0 0 2 0 0 0 0 0 5 0 2 0 0 0 48 0 0 0 255 255 255 255 7 0 1 0 0 0 0 0 data 6 0x10007 0x13675e 0x30 0x0 0x80002 0x0 oops 0
instanceKlass org/gradle/internal/operations/DefaultBuildOperationQueue$1
instanceKlass org/gradle/internal/serialize/AbstractDecoder$1
instanceKlass org/gradle/api/internal/AbstractTask$1
instanceKlass com/bumptech/glide/annotation/GlideExtension
instanceKlass com/bumptech/glide/annotation/GlideModule
instanceKlass com/bumptech/glide/annotation/compiler/GlideExtensionValidator
instanceKlass com/bumptech/glide/annotation/compiler/ExtensionProcessor
instanceKlass com/bumptech/glide/repackaged/com/google/common/collect/Hashing
instanceKlass com/bumptech/glide/repackaged/com/google/common/collect/ObjectArrays
instanceKlass com/bumptech/glide/annotation/compiler/RequestBuilderGenerator
instanceKlass com/bumptech/glide/annotation/compiler/GlideGenerator
instanceKlass com/bumptech/glide/annotation/compiler/RequestManagerFactoryGenerator
instanceKlass com/bumptech/glide/annotation/compiler/RequestManagerGenerator
instanceKlass com/bumptech/glide/annotation/compiler/RequestOptionsOverrideGenerator
instanceKlass com/bumptech/glide/annotation/compiler/RequestOptionsGenerator
instanceKlass com/bumptech/glide/annotation/compiler/AppModuleGenerator
instanceKlass com/bumptech/glide/annotation/compiler/AppModuleProcessor
instanceKlass com/bumptech/glide/annotation/compiler/LibraryModuleProcessor
instanceKlass com/bumptech/glide/annotation/compiler/IndexerGenerator
instanceKlass com/bumptech/glide/repackaged/com/squareup/javapoet/Util
instanceKlass com/bumptech/glide/repackaged/com/squareup/javapoet/TypeName
instanceKlass com/bumptech/glide/repackaged/com/google/common/base/Function
instanceKlass com/bumptech/glide/repackaged/com/google/common/base/Predicate
instanceKlass com/bumptech/glide/annotation/compiler/ProcessorUtil
instanceKlass org/gradle/api/internal/artifacts/ivyservice/resolveengine/graph/conflicts/ConflictContainer$Conflict
instanceKlass org/gradle/api/internal/artifacts/dsl/ModuleReplacementsData$Replacement
instanceKlass org/gradle/api/internal/artifacts/ivyservice/resolveengine/result/ComponentSelectionReasons$1
instanceKlass com/android/tools/build/apkzlib/sign/SigningExtension$1$$Lambda$805
instanceKlass com/android/tools/build/apkzlib/zip/ZFile$$Lambda$804
instanceKlass com/bumptech/glide/annotation/GlideExtension
instanceKlass com/bumptech/glide/annotation/GlideModule
instanceKlass com/bumptech/glide/annotation/compiler/GlideExtensionValidator
instanceKlass com/bumptech/glide/annotation/compiler/ExtensionProcessor
instanceKlass com/bumptech/glide/repackaged/com/google/common/collect/Hashing
instanceKlass com/bumptech/glide/repackaged/com/google/common/collect/ObjectArrays
instanceKlass com/bumptech/glide/annotation/compiler/RequestBuilderGenerator
instanceKlass com/bumptech/glide/annotation/compiler/GlideGenerator
instanceKlass com/bumptech/glide/annotation/compiler/RequestManagerFactoryGenerator
instanceKlass com/bumptech/glide/annotation/compiler/RequestManagerGenerator
instanceKlass com/bumptech/glide/annotation/compiler/RequestOptionsOverrideGenerator
instanceKlass com/bumptech/glide/annotation/compiler/RequestOptionsGenerator
instanceKlass com/bumptech/glide/annotation/compiler/AppModuleGenerator
instanceKlass com/bumptech/glide/annotation/compiler/AppModuleProcessor
instanceKlass com/bumptech/glide/annotation/compiler/LibraryModuleProcessor
instanceKlass com/bumptech/glide/annotation/compiler/IndexerGenerator
instanceKlass com/bumptech/glide/repackaged/com/squareup/javapoet/Util
instanceKlass com/bumptech/glide/repackaged/com/squareup/javapoet/TypeName
instanceKlass com/bumptech/glide/repackaged/com/google/common/base/Function
instanceKlass com/bumptech/glide/repackaged/com/google/common/base/Predicate
instanceKlass com/bumptech/glide/annotation/compiler/ProcessorUtil
instanceKlass com/sun/tools/javac/jvm/CRTable
instanceKlass com/sun/tools/javac/jvm/CRTFlags
instanceKlass com/bumptech/glide/annotation/GlideExtension
instanceKlass com/bumptech/glide/annotation/GlideModule
instanceKlass com/bumptech/glide/annotation/compiler/GlideExtensionValidator
instanceKlass com/bumptech/glide/annotation/compiler/ExtensionProcessor
instanceKlass com/bumptech/glide/repackaged/com/google/common/collect/Hashing
instanceKlass com/bumptech/glide/repackaged/com/google/common/collect/ObjectArrays
instanceKlass com/bumptech/glide/annotation/compiler/RequestBuilderGenerator
instanceKlass com/bumptech/glide/annotation/compiler/GlideGenerator
instanceKlass com/bumptech/glide/annotation/compiler/RequestManagerFactoryGenerator
instanceKlass com/bumptech/glide/annotation/compiler/RequestManagerGenerator
instanceKlass com/bumptech/glide/annotation/compiler/RequestOptionsOverrideGenerator
instanceKlass com/bumptech/glide/annotation/compiler/RequestOptionsGenerator
instanceKlass com/bumptech/glide/annotation/compiler/AppModuleGenerator
instanceKlass com/bumptech/glide/annotation/compiler/AppModuleProcessor
instanceKlass com/bumptech/glide/annotation/compiler/LibraryModuleProcessor
instanceKlass com/bumptech/glide/annotation/compiler/IndexerGenerator
instanceKlass com/bumptech/glide/repackaged/com/squareup/javapoet/Util
instanceKlass com/bumptech/glide/repackaged/com/squareup/javapoet/TypeName
instanceKlass com/bumptech/glide/repackaged/com/google/common/base/Function
instanceKlass com/bumptech/glide/repackaged/com/google/common/base/Predicate
instanceKlass com/bumptech/glide/annotation/compiler/ProcessorUtil
instanceKlass com/android/ide/common/resources/ResourceSet$1
instanceKlass com/android/builder/files/IncrementalRelativeFileSets$$Lambda$803
instanceKlass com/bumptech/glide/annotation/GlideExtension
instanceKlass com/bumptech/glide/annotation/GlideModule
instanceKlass com/bumptech/glide/annotation/compiler/GlideExtensionValidator
instanceKlass com/bumptech/glide/annotation/compiler/ExtensionProcessor
instanceKlass com/bumptech/glide/repackaged/com/google/common/collect/Hashing
instanceKlass com/bumptech/glide/repackaged/com/google/common/collect/ObjectArrays
instanceKlass com/bumptech/glide/annotation/compiler/RequestBuilderGenerator
instanceKlass com/bumptech/glide/annotation/compiler/GlideGenerator
instanceKlass com/bumptech/glide/annotation/compiler/RequestManagerFactoryGenerator
instanceKlass com/bumptech/glide/annotation/compiler/RequestManagerGenerator
instanceKlass com/bumptech/glide/annotation/compiler/RequestOptionsOverrideGenerator
instanceKlass com/bumptech/glide/annotation/compiler/RequestOptionsGenerator
instanceKlass com/bumptech/glide/annotation/compiler/AppModuleGenerator
instanceKlass com/bumptech/glide/annotation/compiler/AppModuleProcessor
instanceKlass com/bumptech/glide/annotation/compiler/LibraryModuleProcessor
instanceKlass com/bumptech/glide/annotation/compiler/IndexerGenerator
instanceKlass com/bumptech/glide/repackaged/com/squareup/javapoet/Util
instanceKlass com/bumptech/glide/repackaged/com/squareup/javapoet/TypeName
instanceKlass com/bumptech/glide/repackaged/com/google/common/base/Function
instanceKlass com/bumptech/glide/repackaged/com/google/common/base/Predicate
instanceKlass com/bumptech/glide/annotation/compiler/ProcessorUtil
instanceKlass com/android/build/gradle/tasks/ProcessApplicationManifest$$Lambda$802
instanceKlass com/android/build/gradle/tasks/ProcessApplicationManifest$$Lambda$801
instanceKlass com/android/build/gradle/tasks/ProcessApplicationManifest$$Lambda$800
instanceKlass com/android/ide/common/blame/MergingLogPersistUtil$$Lambda$799
instanceKlass com/android/ide/common/blame/SourceFileJsonTypeAdapter$1
instanceKlass com/android/ide/common/resources/MergedResourceWriter$1
instanceKlass com/android/build/gradle/internal/tasks/IncrementalTask$getChangedInputs$2
instanceKlass com/android/build/gradle/internal/tasks/IncrementalTask$getChangedInputs$1
instanceKlass com/bumptech/glide/annotation/GlideExtension
instanceKlass com/bumptech/glide/annotation/GlideModule
instanceKlass com/bumptech/glide/annotation/compiler/GlideExtensionValidator
instanceKlass com/bumptech/glide/annotation/compiler/ExtensionProcessor
instanceKlass com/bumptech/glide/repackaged/com/google/common/collect/Hashing
instanceKlass com/bumptech/glide/repackaged/com/google/common/collect/ObjectArrays
instanceKlass com/bumptech/glide/annotation/compiler/RequestBuilderGenerator
instanceKlass com/bumptech/glide/annotation/compiler/GlideGenerator
instanceKlass com/bumptech/glide/annotation/compiler/RequestManagerFactoryGenerator
instanceKlass com/bumptech/glide/annotation/compiler/RequestManagerGenerator
instanceKlass com/bumptech/glide/annotation/compiler/RequestOptionsOverrideGenerator
instanceKlass com/bumptech/glide/annotation/compiler/RequestOptionsGenerator
instanceKlass com/bumptech/glide/annotation/compiler/AppModuleGenerator
instanceKlass com/bumptech/glide/annotation/compiler/AppModuleProcessor
instanceKlass com/bumptech/glide/annotation/compiler/LibraryModuleProcessor
instanceKlass com/bumptech/glide/annotation/compiler/IndexerGenerator
instanceKlass com/bumptech/glide/repackaged/com/squareup/javapoet/Util
instanceKlass com/bumptech/glide/repackaged/com/squareup/javapoet/TypeName
instanceKlass com/bumptech/glide/repackaged/com/google/common/base/Function
instanceKlass com/bumptech/glide/repackaged/com/google/common/base/Predicate
instanceKlass com/bumptech/glide/annotation/compiler/ProcessorUtil
instanceKlass com/bumptech/glide/annotation/GlideExtension
instanceKlass com/bumptech/glide/annotation/GlideModule
instanceKlass com/bumptech/glide/annotation/compiler/GlideExtensionValidator
instanceKlass com/bumptech/glide/annotation/compiler/ExtensionProcessor
instanceKlass com/bumptech/glide/repackaged/com/google/common/collect/Hashing
instanceKlass com/bumptech/glide/repackaged/com/google/common/collect/ObjectArrays
instanceKlass com/bumptech/glide/annotation/compiler/RequestBuilderGenerator
instanceKlass com/bumptech/glide/annotation/compiler/GlideGenerator
instanceKlass com/bumptech/glide/annotation/compiler/RequestManagerFactoryGenerator
instanceKlass com/bumptech/glide/annotation/compiler/RequestManagerGenerator
instanceKlass com/bumptech/glide/annotation/compiler/RequestOptionsOverrideGenerator
instanceKlass com/bumptech/glide/annotation/compiler/RequestOptionsGenerator
instanceKlass com/bumptech/glide/annotation/compiler/AppModuleGenerator
instanceKlass com/bumptech/glide/annotation/compiler/AppModuleProcessor
instanceKlass com/bumptech/glide/annotation/compiler/LibraryModuleProcessor
instanceKlass com/bumptech/glide/annotation/compiler/IndexerGenerator
instanceKlass com/bumptech/glide/repackaged/com/squareup/javapoet/Util
instanceKlass com/bumptech/glide/repackaged/com/squareup/javapoet/TypeName
instanceKlass com/bumptech/glide/repackaged/com/google/common/base/Function
instanceKlass com/bumptech/glide/repackaged/com/google/common/base/Predicate
instanceKlass com/bumptech/glide/annotation/compiler/ProcessorUtil
instanceKlass com/bumptech/glide/annotation/GlideExtension
instanceKlass com/bumptech/glide/annotation/GlideModule
instanceKlass com/bumptech/glide/annotation/compiler/GlideExtensionValidator
instanceKlass com/bumptech/glide/annotation/compiler/ExtensionProcessor
instanceKlass com/bumptech/glide/repackaged/com/google/common/collect/Hashing
instanceKlass com/bumptech/glide/repackaged/com/google/common/collect/ObjectArrays
instanceKlass com/bumptech/glide/annotation/compiler/RequestBuilderGenerator
instanceKlass com/bumptech/glide/annotation/compiler/GlideGenerator
instanceKlass com/bumptech/glide/annotation/compiler/RequestManagerFactoryGenerator
instanceKlass com/bumptech/glide/annotation/compiler/RequestManagerGenerator
instanceKlass com/bumptech/glide/annotation/compiler/RequestOptionsOverrideGenerator
instanceKlass com/bumptech/glide/annotation/compiler/RequestOptionsGenerator
instanceKlass com/bumptech/glide/annotation/compiler/AppModuleGenerator
instanceKlass com/bumptech/glide/annotation/compiler/AppModuleProcessor
instanceKlass com/bumptech/glide/annotation/compiler/LibraryModuleProcessor
instanceKlass com/bumptech/glide/annotation/compiler/IndexerGenerator
instanceKlass com/bumptech/glide/repackaged/com/squareup/javapoet/Util
instanceKlass com/bumptech/glide/repackaged/com/squareup/javapoet/TypeName
instanceKlass com/bumptech/glide/repackaged/com/google/common/base/Function
instanceKlass com/bumptech/glide/repackaged/com/google/common/base/Predicate
instanceKlass com/bumptech/glide/annotation/compiler/ProcessorUtil
instanceKlass com/bumptech/glide/annotation/GlideExtension
instanceKlass com/bumptech/glide/annotation/GlideModule
instanceKlass com/bumptech/glide/annotation/compiler/GlideExtensionValidator
instanceKlass com/bumptech/glide/annotation/compiler/ExtensionProcessor
instanceKlass com/bumptech/glide/repackaged/com/google/common/collect/Hashing
instanceKlass com/bumptech/glide/repackaged/com/google/common/collect/ObjectArrays
instanceKlass com/bumptech/glide/annotation/compiler/RequestBuilderGenerator
instanceKlass com/bumptech/glide/annotation/compiler/GlideGenerator
instanceKlass com/bumptech/glide/annotation/compiler/RequestManagerFactoryGenerator
instanceKlass com/bumptech/glide/annotation/compiler/RequestManagerGenerator
instanceKlass com/bumptech/glide/annotation/compiler/RequestOptionsOverrideGenerator
instanceKlass com/bumptech/glide/annotation/compiler/RequestOptionsGenerator
instanceKlass com/bumptech/glide/annotation/compiler/AppModuleGenerator
instanceKlass com/bumptech/glide/annotation/compiler/AppModuleProcessor
instanceKlass com/bumptech/glide/annotation/compiler/LibraryModuleProcessor
instanceKlass com/bumptech/glide/annotation/compiler/IndexerGenerator
instanceKlass com/bumptech/glide/repackaged/com/squareup/javapoet/Util
instanceKlass com/bumptech/glide/repackaged/com/squareup/javapoet/TypeName
instanceKlass com/bumptech/glide/repackaged/com/google/common/base/Function
instanceKlass com/bumptech/glide/repackaged/com/google/common/base/Predicate
instanceKlass com/bumptech/glide/annotation/compiler/ProcessorUtil
instanceKlass com/bumptech/glide/annotation/GlideExtension
instanceKlass com/bumptech/glide/annotation/GlideModule
instanceKlass com/bumptech/glide/annotation/compiler/GlideExtensionValidator
instanceKlass com/bumptech/glide/annotation/compiler/ExtensionProcessor
instanceKlass com/bumptech/glide/repackaged/com/google/common/collect/Hashing
instanceKlass com/bumptech/glide/repackaged/com/google/common/collect/ObjectArrays
instanceKlass com/bumptech/glide/annotation/compiler/RequestBuilderGenerator
instanceKlass com/bumptech/glide/annotation/compiler/GlideGenerator
instanceKlass com/bumptech/glide/annotation/compiler/RequestManagerFactoryGenerator
instanceKlass com/bumptech/glide/annotation/compiler/RequestManagerGenerator
instanceKlass com/bumptech/glide/annotation/compiler/RequestOptionsOverrideGenerator
instanceKlass com/bumptech/glide/annotation/compiler/RequestOptionsGenerator
instanceKlass com/bumptech/glide/annotation/compiler/AppModuleGenerator
instanceKlass com/bumptech/glide/annotation/compiler/AppModuleProcessor
instanceKlass com/bumptech/glide/annotation/compiler/LibraryModuleProcessor
instanceKlass com/bumptech/glide/annotation/compiler/IndexerGenerator
instanceKlass com/bumptech/glide/repackaged/com/squareup/javapoet/Util
instanceKlass com/bumptech/glide/repackaged/com/squareup/javapoet/TypeName
instanceKlass com/bumptech/glide/repackaged/com/google/common/base/Function
instanceKlass com/bumptech/glide/repackaged/com/google/common/base/Predicate
instanceKlass com/bumptech/glide/annotation/compiler/ProcessorUtil
instanceKlass com/bumptech/glide/annotation/GlideExtension
instanceKlass com/bumptech/glide/annotation/GlideModule
instanceKlass com/bumptech/glide/annotation/compiler/GlideExtensionValidator
instanceKlass com/bumptech/glide/annotation/compiler/ExtensionProcessor
instanceKlass com/bumptech/glide/repackaged/com/google/common/collect/Hashing
instanceKlass com/bumptech/glide/repackaged/com/google/common/collect/ObjectArrays
instanceKlass com/bumptech/glide/annotation/compiler/RequestBuilderGenerator
instanceKlass com/bumptech/glide/annotation/compiler/GlideGenerator
instanceKlass com/bumptech/glide/annotation/compiler/RequestManagerFactoryGenerator
instanceKlass com/bumptech/glide/annotation/compiler/RequestManagerGenerator
instanceKlass com/bumptech/glide/annotation/compiler/RequestOptionsOverrideGenerator
instanceKlass com/bumptech/glide/annotation/compiler/RequestOptionsGenerator
instanceKlass com/bumptech/glide/annotation/compiler/AppModuleGenerator
instanceKlass com/bumptech/glide/annotation/compiler/AppModuleProcessor
instanceKlass com/bumptech/glide/annotation/compiler/LibraryModuleProcessor
instanceKlass com/bumptech/glide/annotation/compiler/IndexerGenerator
instanceKlass com/bumptech/glide/repackaged/com/squareup/javapoet/Util
instanceKlass com/bumptech/glide/repackaged/com/squareup/javapoet/TypeName
instanceKlass com/bumptech/glide/repackaged/com/google/common/base/Function
instanceKlass com/bumptech/glide/repackaged/com/google/common/base/Predicate
instanceKlass com/bumptech/glide/annotation/compiler/ProcessorUtil
instanceKlass org/gradle/internal/resolve/RejectedVersion
instanceKlass com/android/tools/r8/ir/conversion/O
instanceKlass com/bumptech/glide/annotation/GlideExtension
instanceKlass com/bumptech/glide/annotation/GlideModule
instanceKlass com/bumptech/glide/annotation/compiler/GlideExtensionValidator
instanceKlass com/bumptech/glide/annotation/compiler/ExtensionProcessor
instanceKlass com/bumptech/glide/repackaged/com/google/common/collect/Hashing
instanceKlass com/bumptech/glide/repackaged/com/google/common/collect/ObjectArrays
instanceKlass com/bumptech/glide/annotation/compiler/RequestBuilderGenerator
instanceKlass com/bumptech/glide/annotation/compiler/GlideGenerator
instanceKlass com/bumptech/glide/annotation/compiler/RequestManagerFactoryGenerator
instanceKlass com/bumptech/glide/annotation/compiler/RequestManagerGenerator
instanceKlass com/bumptech/glide/annotation/compiler/RequestOptionsOverrideGenerator
instanceKlass com/bumptech/glide/annotation/compiler/RequestOptionsGenerator
instanceKlass com/bumptech/glide/annotation/compiler/AppModuleGenerator
instanceKlass com/bumptech/glide/annotation/compiler/AppModuleProcessor
instanceKlass com/bumptech/glide/annotation/compiler/LibraryModuleProcessor
instanceKlass com/bumptech/glide/annotation/compiler/IndexerGenerator
instanceKlass com/bumptech/glide/repackaged/com/squareup/javapoet/Util
instanceKlass com/bumptech/glide/repackaged/com/squareup/javapoet/TypeName
instanceKlass com/bumptech/glide/repackaged/com/google/common/base/Function
instanceKlass com/bumptech/glide/repackaged/com/google/common/base/Predicate
instanceKlass com/bumptech/glide/annotation/compiler/ProcessorUtil
instanceKlass com/bumptech/glide/annotation/GlideExtension
instanceKlass com/bumptech/glide/annotation/GlideModule
instanceKlass com/bumptech/glide/annotation/compiler/GlideExtensionValidator
instanceKlass com/bumptech/glide/annotation/compiler/ExtensionProcessor
instanceKlass com/bumptech/glide/repackaged/com/google/common/collect/Hashing
instanceKlass com/bumptech/glide/repackaged/com/google/common/collect/ObjectArrays
instanceKlass com/bumptech/glide/annotation/compiler/RequestBuilderGenerator
instanceKlass com/bumptech/glide/annotation/compiler/GlideGenerator
instanceKlass com/bumptech/glide/annotation/compiler/RequestManagerFactoryGenerator
instanceKlass com/bumptech/glide/annotation/compiler/RequestManagerGenerator
instanceKlass com/bumptech/glide/annotation/compiler/RequestOptionsOverrideGenerator
instanceKlass com/bumptech/glide/annotation/compiler/RequestOptionsGenerator
instanceKlass com/bumptech/glide/annotation/compiler/AppModuleGenerator
instanceKlass com/bumptech/glide/annotation/compiler/AppModuleProcessor
instanceKlass com/bumptech/glide/annotation/compiler/LibraryModuleProcessor
instanceKlass com/bumptech/glide/annotation/compiler/IndexerGenerator
instanceKlass com/bumptech/glide/repackaged/com/squareup/javapoet/Util
instanceKlass com/bumptech/glide/repackaged/com/squareup/javapoet/TypeName
instanceKlass com/bumptech/glide/repackaged/com/google/common/base/Function
instanceKlass com/bumptech/glide/repackaged/com/google/common/base/Predicate
instanceKlass com/bumptech/glide/annotation/compiler/ProcessorUtil
instanceKlass com/android/tools/r8/ir/conversion/IRBuilder$a
instanceKlass com/bumptech/glide/annotation/GlideExtension
instanceKlass com/bumptech/glide/annotation/GlideModule
instanceKlass com/bumptech/glide/annotation/compiler/GlideExtensionValidator
instanceKlass com/bumptech/glide/annotation/compiler/ExtensionProcessor
instanceKlass com/bumptech/glide/repackaged/com/google/common/collect/Hashing
instanceKlass com/bumptech/glide/repackaged/com/google/common/collect/ObjectArrays
instanceKlass com/bumptech/glide/annotation/compiler/RequestBuilderGenerator
instanceKlass com/bumptech/glide/annotation/compiler/GlideGenerator
instanceKlass com/bumptech/glide/annotation/compiler/RequestManagerFactoryGenerator
instanceKlass com/bumptech/glide/annotation/compiler/RequestManagerGenerator
instanceKlass com/bumptech/glide/annotation/compiler/RequestOptionsOverrideGenerator
instanceKlass com/bumptech/glide/annotation/compiler/RequestOptionsGenerator
instanceKlass com/bumptech/glide/annotation/compiler/AppModuleGenerator
instanceKlass com/bumptech/glide/annotation/compiler/AppModuleProcessor
instanceKlass com/bumptech/glide/annotation/compiler/LibraryModuleProcessor
instanceKlass com/bumptech/glide/annotation/compiler/IndexerGenerator
instanceKlass com/bumptech/glide/repackaged/com/squareup/javapoet/Util
instanceKlass com/bumptech/glide/repackaged/com/squareup/javapoet/TypeName
instanceKlass com/bumptech/glide/repackaged/com/google/common/base/Function
instanceKlass com/bumptech/glide/repackaged/com/google/common/base/Predicate
instanceKlass com/bumptech/glide/annotation/compiler/ProcessorUtil
instanceKlass com/android/tools/r8/dex/DexParser$a
instanceKlass com/bumptech/glide/annotation/GlideExtension
instanceKlass com/bumptech/glide/annotation/GlideModule
instanceKlass com/bumptech/glide/annotation/compiler/GlideExtensionValidator
instanceKlass com/bumptech/glide/annotation/compiler/ExtensionProcessor
instanceKlass com/bumptech/glide/repackaged/com/google/common/collect/Hashing
instanceKlass com/bumptech/glide/repackaged/com/google/common/collect/ObjectArrays
instanceKlass com/bumptech/glide/annotation/compiler/RequestBuilderGenerator
instanceKlass com/bumptech/glide/annotation/compiler/GlideGenerator
instanceKlass com/bumptech/glide/annotation/compiler/RequestManagerFactoryGenerator
instanceKlass com/bumptech/glide/annotation/compiler/RequestManagerGenerator
instanceKlass com/bumptech/glide/annotation/compiler/RequestOptionsOverrideGenerator
instanceKlass com/bumptech/glide/annotation/compiler/RequestOptionsGenerator
instanceKlass com/bumptech/glide/annotation/compiler/AppModuleGenerator
instanceKlass com/bumptech/glide/annotation/compiler/AppModuleProcessor
instanceKlass com/bumptech/glide/annotation/compiler/LibraryModuleProcessor
instanceKlass com/bumptech/glide/annotation/compiler/IndexerGenerator
instanceKlass com/bumptech/glide/repackaged/com/squareup/javapoet/Util
instanceKlass com/bumptech/glide/repackaged/com/squareup/javapoet/TypeName
instanceKlass com/bumptech/glide/repackaged/com/google/common/base/Function
instanceKlass com/bumptech/glide/repackaged/com/google/common/base/Predicate
instanceKlass com/bumptech/glide/annotation/compiler/ProcessorUtil
instanceKlass com/bumptech/glide/annotation/GlideExtension
instanceKlass com/bumptech/glide/annotation/GlideModule
instanceKlass com/bumptech/glide/annotation/compiler/GlideExtensionValidator
instanceKlass com/bumptech/glide/annotation/compiler/ExtensionProcessor
instanceKlass com/bumptech/glide/repackaged/com/google/common/collect/Hashing
instanceKlass com/bumptech/glide/repackaged/com/google/common/collect/ObjectArrays
instanceKlass com/bumptech/glide/annotation/compiler/RequestBuilderGenerator
instanceKlass com/bumptech/glide/annotation/compiler/GlideGenerator
instanceKlass com/bumptech/glide/annotation/compiler/RequestManagerFactoryGenerator
instanceKlass com/bumptech/glide/annotation/compiler/RequestManagerGenerator
instanceKlass com/bumptech/glide/annotation/compiler/RequestOptionsOverrideGenerator
instanceKlass com/bumptech/glide/annotation/compiler/RequestOptionsGenerator
instanceKlass com/bumptech/glide/annotation/compiler/AppModuleGenerator
instanceKlass com/bumptech/glide/annotation/compiler/AppModuleProcessor
instanceKlass com/bumptech/glide/annotation/compiler/LibraryModuleProcessor
instanceKlass com/bumptech/glide/annotation/compiler/IndexerGenerator
instanceKlass com/bumptech/glide/repackaged/com/squareup/javapoet/Util
instanceKlass com/bumptech/glide/repackaged/com/squareup/javapoet/TypeName
instanceKlass com/bumptech/glide/repackaged/com/google/common/base/Function
instanceKlass com/bumptech/glide/repackaged/com/google/common/base/Predicate
instanceKlass com/bumptech/glide/annotation/compiler/ProcessorUtil
instanceKlass com/bumptech/glide/annotation/GlideExtension
instanceKlass com/bumptech/glide/annotation/GlideModule
instanceKlass com/bumptech/glide/annotation/compiler/GlideExtensionValidator
instanceKlass com/bumptech/glide/annotation/compiler/ExtensionProcessor
instanceKlass com/bumptech/glide/repackaged/com/google/common/collect/Hashing
instanceKlass com/bumptech/glide/repackaged/com/google/common/collect/ObjectArrays
instanceKlass com/bumptech/glide/annotation/compiler/RequestBuilderGenerator
instanceKlass com/bumptech/glide/annotation/compiler/GlideGenerator
instanceKlass com/bumptech/glide/annotation/compiler/RequestManagerFactoryGenerator
instanceKlass com/bumptech/glide/annotation/compiler/RequestManagerGenerator
instanceKlass com/bumptech/glide/annotation/compiler/RequestOptionsOverrideGenerator
instanceKlass com/bumptech/glide/annotation/compiler/RequestOptionsGenerator
instanceKlass com/bumptech/glide/annotation/compiler/AppModuleGenerator
instanceKlass com/bumptech/glide/annotation/compiler/AppModuleProcessor
instanceKlass com/bumptech/glide/annotation/compiler/LibraryModuleProcessor
instanceKlass com/bumptech/glide/annotation/compiler/IndexerGenerator
instanceKlass com/bumptech/glide/repackaged/com/squareup/javapoet/Util
instanceKlass com/bumptech/glide/repackaged/com/squareup/javapoet/TypeName
instanceKlass com/bumptech/glide/repackaged/com/google/common/base/Function
instanceKlass com/bumptech/glide/repackaged/com/google/common/base/Predicate
instanceKlass com/bumptech/glide/annotation/compiler/ProcessorUtil
instanceKlass com/bumptech/glide/annotation/GlideExtension
instanceKlass com/bumptech/glide/annotation/GlideModule
instanceKlass com/bumptech/glide/annotation/compiler/GlideExtensionValidator
instanceKlass com/bumptech/glide/annotation/compiler/ExtensionProcessor
instanceKlass com/bumptech/glide/repackaged/com/google/common/collect/Hashing
instanceKlass com/bumptech/glide/repackaged/com/google/common/collect/ObjectArrays
instanceKlass com/bumptech/glide/annotation/compiler/RequestBuilderGenerator
instanceKlass com/bumptech/glide/annotation/compiler/GlideGenerator
instanceKlass com/bumptech/glide/annotation/compiler/RequestManagerFactoryGenerator
instanceKlass com/bumptech/glide/annotation/compiler/RequestManagerGenerator
instanceKlass com/bumptech/glide/annotation/compiler/RequestOptionsOverrideGenerator
instanceKlass com/bumptech/glide/annotation/compiler/RequestOptionsGenerator
instanceKlass com/bumptech/glide/annotation/compiler/AppModuleGenerator
instanceKlass com/bumptech/glide/annotation/compiler/AppModuleProcessor
instanceKlass com/bumptech/glide/annotation/compiler/LibraryModuleProcessor
instanceKlass com/bumptech/glide/annotation/compiler/IndexerGenerator
instanceKlass com/bumptech/glide/repackaged/com/squareup/javapoet/Util
instanceKlass com/bumptech/glide/repackaged/com/squareup/javapoet/TypeName
instanceKlass com/bumptech/glide/repackaged/com/google/common/base/Function
instanceKlass com/bumptech/glide/repackaged/com/google/common/base/Predicate
instanceKlass com/bumptech/glide/annotation/compiler/ProcessorUtil
instanceKlass org/gradle/api/internal/artifacts/DefaultPublishArtifactSet$1
instanceKlass com/bumptech/glide/annotation/GlideExtension
instanceKlass com/bumptech/glide/annotation/GlideModule
instanceKlass com/bumptech/glide/annotation/compiler/GlideExtensionValidator
instanceKlass com/bumptech/glide/annotation/compiler/ExtensionProcessor
instanceKlass com/bumptech/glide/repackaged/com/google/common/collect/Hashing
instanceKlass com/bumptech/glide/repackaged/com/google/common/collect/ObjectArrays
instanceKlass com/bumptech/glide/annotation/compiler/RequestBuilderGenerator
instanceKlass com/bumptech/glide/annotation/compiler/GlideGenerator
instanceKlass com/bumptech/glide/annotation/compiler/RequestManagerFactoryGenerator
instanceKlass com/bumptech/glide/annotation/compiler/RequestManagerGenerator
instanceKlass com/bumptech/glide/annotation/compiler/RequestOptionsOverrideGenerator
instanceKlass com/bumptech/glide/annotation/compiler/RequestOptionsGenerator
instanceKlass com/bumptech/glide/annotation/compiler/AppModuleGenerator
instanceKlass com/bumptech/glide/annotation/compiler/AppModuleProcessor
instanceKlass com/bumptech/glide/annotation/compiler/LibraryModuleProcessor
instanceKlass com/bumptech/glide/annotation/compiler/IndexerGenerator
instanceKlass com/bumptech/glide/repackaged/com/squareup/javapoet/Util
instanceKlass com/bumptech/glide/repackaged/com/squareup/javapoet/TypeName
instanceKlass com/bumptech/glide/repackaged/com/google/common/base/Function
instanceKlass com/bumptech/glide/repackaged/com/google/common/base/Predicate
instanceKlass com/bumptech/glide/annotation/compiler/ProcessorUtil
instanceKlass org/gradle/api/internal/tasks/compile/incremental/deps/DependentsSet$1
instanceKlass com/bumptech/glide/annotation/GlideExtension
instanceKlass com/bumptech/glide/annotation/GlideModule
instanceKlass com/bumptech/glide/annotation/compiler/GlideExtensionValidator
instanceKlass com/bumptech/glide/annotation/compiler/ExtensionProcessor
instanceKlass com/bumptech/glide/repackaged/com/google/common/collect/Hashing
instanceKlass com/bumptech/glide/repackaged/com/google/common/collect/ObjectArrays
instanceKlass com/bumptech/glide/annotation/compiler/RequestBuilderGenerator
instanceKlass com/bumptech/glide/annotation/compiler/GlideGenerator
instanceKlass com/bumptech/glide/annotation/compiler/RequestManagerFactoryGenerator
instanceKlass com/bumptech/glide/annotation/compiler/RequestManagerGenerator
instanceKlass com/bumptech/glide/annotation/compiler/RequestOptionsOverrideGenerator
instanceKlass com/bumptech/glide/annotation/compiler/RequestOptionsGenerator
instanceKlass com/bumptech/glide/annotation/compiler/AppModuleGenerator
instanceKlass com/bumptech/glide/annotation/compiler/AppModuleProcessor
instanceKlass com/bumptech/glide/annotation/compiler/LibraryModuleProcessor
instanceKlass com/bumptech/glide/annotation/compiler/IndexerGenerator
instanceKlass com/bumptech/glide/repackaged/com/squareup/javapoet/Util
instanceKlass com/bumptech/glide/repackaged/com/squareup/javapoet/TypeName
instanceKlass com/bumptech/glide/repackaged/com/google/common/base/Function
instanceKlass com/bumptech/glide/repackaged/com/google/common/base/Predicate
instanceKlass com/bumptech/glide/annotation/compiler/ProcessorUtil
instanceKlass com/bumptech/glide/annotation/GlideExtension
instanceKlass com/bumptech/glide/annotation/GlideModule
instanceKlass com/bumptech/glide/annotation/compiler/GlideExtensionValidator
instanceKlass com/bumptech/glide/annotation/compiler/ExtensionProcessor
instanceKlass com/bumptech/glide/repackaged/com/google/common/collect/Hashing
instanceKlass com/bumptech/glide/repackaged/com/google/common/collect/ObjectArrays
instanceKlass com/bumptech/glide/annotation/compiler/RequestBuilderGenerator
instanceKlass com/bumptech/glide/annotation/compiler/GlideGenerator
instanceKlass com/bumptech/glide/annotation/compiler/RequestManagerFactoryGenerator
instanceKlass com/bumptech/glide/annotation/compiler/RequestManagerGenerator
instanceKlass com/bumptech/glide/annotation/compiler/RequestOptionsOverrideGenerator
instanceKlass com/bumptech/glide/annotation/compiler/RequestOptionsGenerator
instanceKlass com/bumptech/glide/annotation/compiler/AppModuleGenerator
instanceKlass com/bumptech/glide/annotation/compiler/AppModuleProcessor
instanceKlass com/bumptech/glide/annotation/compiler/LibraryModuleProcessor
instanceKlass com/bumptech/glide/annotation/compiler/IndexerGenerator
instanceKlass com/bumptech/glide/repackaged/com/squareup/javapoet/Util
instanceKlass com/bumptech/glide/repackaged/com/squareup/javapoet/TypeName
instanceKlass com/bumptech/glide/repackaged/com/google/common/base/Function
instanceKlass com/bumptech/glide/repackaged/com/google/common/base/Predicate
instanceKlass com/bumptech/glide/annotation/compiler/ProcessorUtil
instanceKlass com/bumptech/glide/annotation/GlideExtension
instanceKlass com/bumptech/glide/annotation/GlideModule
instanceKlass com/bumptech/glide/annotation/compiler/GlideExtensionValidator
instanceKlass com/bumptech/glide/annotation/compiler/ExtensionProcessor
instanceKlass com/bumptech/glide/repackaged/com/google/common/collect/Hashing
instanceKlass com/bumptech/glide/repackaged/com/google/common/collect/ObjectArrays
instanceKlass com/bumptech/glide/annotation/compiler/RequestBuilderGenerator
instanceKlass com/bumptech/glide/annotation/compiler/GlideGenerator
instanceKlass com/bumptech/glide/annotation/compiler/RequestManagerFactoryGenerator
instanceKlass com/bumptech/glide/annotation/compiler/RequestManagerGenerator
instanceKlass com/bumptech/glide/annotation/compiler/RequestOptionsOverrideGenerator
instanceKlass com/bumptech/glide/annotation/compiler/RequestOptionsGenerator
instanceKlass com/bumptech/glide/annotation/compiler/AppModuleGenerator
instanceKlass com/bumptech/glide/annotation/compiler/AppModuleProcessor
instanceKlass com/bumptech/glide/annotation/compiler/LibraryModuleProcessor
instanceKlass com/bumptech/glide/annotation/compiler/IndexerGenerator
instanceKlass com/bumptech/glide/repackaged/com/squareup/javapoet/Util
instanceKlass com/bumptech/glide/repackaged/com/squareup/javapoet/TypeName
instanceKlass com/bumptech/glide/repackaged/com/google/common/base/Function
instanceKlass com/bumptech/glide/repackaged/com/google/common/base/Predicate
instanceKlass com/bumptech/glide/annotation/compiler/ProcessorUtil
instanceKlass org/gradle/api/internal/artifacts/transform/TransformationNode$1
instanceKlass com/bumptech/glide/annotation/GlideExtension
instanceKlass com/bumptech/glide/annotation/GlideModule
instanceKlass com/bumptech/glide/annotation/compiler/GlideExtensionValidator
instanceKlass com/bumptech/glide/annotation/compiler/ExtensionProcessor
instanceKlass com/bumptech/glide/repackaged/com/google/common/collect/Hashing
instanceKlass com/bumptech/glide/repackaged/com/google/common/collect/ObjectArrays
instanceKlass com/bumptech/glide/annotation/compiler/RequestBuilderGenerator
instanceKlass com/bumptech/glide/annotation/compiler/GlideGenerator
instanceKlass com/bumptech/glide/annotation/compiler/RequestManagerFactoryGenerator
instanceKlass com/bumptech/glide/annotation/compiler/RequestManagerGenerator
instanceKlass com/bumptech/glide/annotation/compiler/RequestOptionsOverrideGenerator
instanceKlass com/bumptech/glide/annotation/compiler/RequestOptionsGenerator
instanceKlass com/bumptech/glide/annotation/compiler/AppModuleGenerator
instanceKlass com/bumptech/glide/annotation/compiler/AppModuleProcessor
instanceKlass com/bumptech/glide/annotation/compiler/LibraryModuleProcessor
instanceKlass com/bumptech/glide/annotation/compiler/IndexerGenerator
instanceKlass com/bumptech/glide/repackaged/com/squareup/javapoet/Util
instanceKlass com/bumptech/glide/repackaged/com/squareup/javapoet/TypeName
instanceKlass com/bumptech/glide/repackaged/com/google/common/base/Function
instanceKlass com/bumptech/glide/repackaged/com/google/common/base/Predicate
instanceKlass com/bumptech/glide/annotation/compiler/ProcessorUtil
instanceKlass com/bumptech/glide/annotation/GlideExtension
instanceKlass com/bumptech/glide/annotation/GlideModule
instanceKlass com/bumptech/glide/annotation/compiler/GlideExtensionValidator
instanceKlass com/bumptech/glide/annotation/compiler/ExtensionProcessor
instanceKlass com/bumptech/glide/repackaged/com/google/common/collect/Hashing
instanceKlass com/bumptech/glide/repackaged/com/google/common/collect/ObjectArrays
instanceKlass com/bumptech/glide/annotation/compiler/RequestBuilderGenerator
instanceKlass com/bumptech/glide/annotation/compiler/GlideGenerator
instanceKlass com/bumptech/glide/annotation/compiler/RequestManagerFactoryGenerator
instanceKlass com/bumptech/glide/annotation/compiler/RequestManagerGenerator
instanceKlass com/bumptech/glide/annotation/compiler/RequestOptionsOverrideGenerator
instanceKlass com/bumptech/glide/annotation/compiler/RequestOptionsGenerator
instanceKlass com/bumptech/glide/annotation/compiler/AppModuleGenerator
instanceKlass com/bumptech/glide/annotation/compiler/AppModuleProcessor
instanceKlass com/bumptech/glide/annotation/compiler/LibraryModuleProcessor
instanceKlass com/bumptech/glide/annotation/compiler/IndexerGenerator
instanceKlass com/bumptech/glide/repackaged/com/squareup/javapoet/Util
instanceKlass com/bumptech/glide/repackaged/com/squareup/javapoet/TypeName
instanceKlass com/bumptech/glide/repackaged/com/google/common/base/Function
instanceKlass com/bumptech/glide/repackaged/com/google/common/base/Predicate
instanceKlass com/bumptech/glide/annotation/compiler/ProcessorUtil
instanceKlass com/android/apksig/DefaultApkSignerEngine$OutputApkSigningBlockRequestImpl
instanceKlass com/android/apksig/internal/apk/v2/V2SchemeSigner$V2SignatureSchemeBlock$Signer
instanceKlass com/android/apksig/internal/apk/v2/V2SchemeSigner$V2SignatureSchemeBlock$SignedData
instanceKlass com/android/apksig/internal/util/ByteBufferUtils
instanceKlass com/android/apksig/internal/x509/RSAPublicKey
instanceKlass com/android/apksig/internal/asn1/Asn1BerParser$BerToJavaConverter
instanceKlass com/android/apksig/internal/asn1/Asn1BerParser$$Lambda$798
instanceKlass com/android/apksig/internal/asn1/Asn1BerParser$AnnotatedField
instanceKlass com/android/apksig/internal/asn1/Asn1BerParser$1
instanceKlass com/android/apksig/internal/asn1/ber/BerDataValue
instanceKlass com/android/apksig/internal/asn1/ber/ByteBufferBerDataValueReader
instanceKlass com/android/apksig/internal/asn1/ber/BerDataValueReader
instanceKlass com/android/apksig/internal/asn1/Asn1BerParser
instanceKlass com/android/apksig/internal/x509/SubjectPublicKeyInfo
instanceKlass com/android/apksig/internal/apk/ApkSigningBlockUtils$ChunkSupplier$Chunk
instanceKlass com/android/apksig/internal/apk/ApkSigningBlockUtils$ChunkDigester
instanceKlass com/android/apksig/internal/apk/ApkSigningBlockUtils$$Lambda$797
instanceKlass com/android/apksig/internal/apk/ApkSigningBlockUtils$ChunkSupplier
instanceKlass com/android/apksig/internal/apk/ApkSigningBlockUtils$ChunkDigests
instanceKlass com/android/apksig/internal/apk/ApkSigningBlockUtils$$Lambda$796
instanceKlass java/security/spec/MGF1ParameterSpec
instanceKlass java/security/spec/PSSParameterSpec
instanceKlass com/android/apksig/internal/apk/v2/V2SchemeSigner
instanceKlass com/android/apksig/internal/apk/ApkSigningBlockUtils$SignerConfig
instanceKlass com/android/apksig/internal/zip/ZipUtils
instanceKlass com/android/apksig/internal/apk/ApkSigningBlockUtils
instanceKlass com/android/tools/r8/m/a/a/a/x
instanceKlass org/gradle/internal/snapshot/impl/DefaultFileSystemSnapshotter$1
instanceKlass com/bumptech/glide/annotation/GlideExtension
instanceKlass com/bumptech/glide/annotation/GlideModule
instanceKlass com/bumptech/glide/annotation/compiler/GlideExtensionValidator
instanceKlass com/bumptech/glide/annotation/compiler/ExtensionProcessor
instanceKlass com/bumptech/glide/repackaged/com/google/common/collect/Hashing
instanceKlass com/bumptech/glide/repackaged/com/google/common/collect/ObjectArrays
instanceKlass com/bumptech/glide/annotation/compiler/RequestBuilderGenerator
instanceKlass com/bumptech/glide/annotation/compiler/GlideGenerator
instanceKlass com/bumptech/glide/annotation/compiler/RequestManagerFactoryGenerator
instanceKlass com/bumptech/glide/annotation/compiler/RequestManagerGenerator
instanceKlass com/bumptech/glide/annotation/compiler/RequestOptionsOverrideGenerator
instanceKlass com/bumptech/glide/annotation/compiler/RequestOptionsGenerator
instanceKlass com/bumptech/glide/annotation/compiler/AppModuleGenerator
instanceKlass com/bumptech/glide/annotation/compiler/AppModuleProcessor
instanceKlass com/bumptech/glide/annotation/compiler/LibraryModuleProcessor
instanceKlass com/bumptech/glide/annotation/compiler/IndexerGenerator
instanceKlass com/bumptech/glide/repackaged/com/squareup/javapoet/Util
instanceKlass com/bumptech/glide/repackaged/com/squareup/javapoet/TypeName
instanceKlass com/bumptech/glide/repackaged/com/google/common/base/Function
instanceKlass com/bumptech/glide/repackaged/com/google/common/base/Predicate
instanceKlass com/bumptech/glide/annotation/compiler/ProcessorUtil
instanceKlass org/gradle/internal/classloader/ConfigurableClassLoaderHierarchyHasher$1
instanceKlass com/bumptech/glide/annotation/GlideExtension
instanceKlass com/bumptech/glide/annotation/GlideModule
instanceKlass com/bumptech/glide/annotation/compiler/GlideExtensionValidator
instanceKlass com/bumptech/glide/annotation/compiler/ExtensionProcessor
instanceKlass com/bumptech/glide/repackaged/com/google/common/collect/Hashing
instanceKlass com/bumptech/glide/repackaged/com/google/common/collect/ObjectArrays
instanceKlass com/bumptech/glide/annotation/compiler/RequestBuilderGenerator
instanceKlass com/bumptech/glide/annotation/compiler/GlideGenerator
instanceKlass com/bumptech/glide/annotation/compiler/RequestManagerFactoryGenerator
instanceKlass com/bumptech/glide/annotation/compiler/RequestManagerGenerator
instanceKlass com/bumptech/glide/annotation/compiler/RequestOptionsOverrideGenerator
instanceKlass com/bumptech/glide/annotation/compiler/RequestOptionsGenerator
instanceKlass com/bumptech/glide/annotation/compiler/AppModuleGenerator
instanceKlass com/bumptech/glide/annotation/compiler/AppModuleProcessor
instanceKlass com/bumptech/glide/annotation/compiler/LibraryModuleProcessor
instanceKlass com/bumptech/glide/annotation/compiler/IndexerGenerator
instanceKlass com/bumptech/glide/repackaged/com/squareup/javapoet/Util
instanceKlass com/bumptech/glide/repackaged/com/squareup/javapoet/TypeName
instanceKlass com/bumptech/glide/repackaged/com/google/common/base/Function
instanceKlass com/bumptech/glide/repackaged/com/google/common/base/Predicate
instanceKlass com/bumptech/glide/annotation/compiler/ProcessorUtil
instanceKlass org/gradle/cache/internal/VersionSpecificCacheCleanupAction$CleanupCondition
instanceKlass org/gradle/cache/internal/VersionSpecificCacheDirectory
instanceKlass org/apache/commons/io/filefilter/ConditionalFileFilter
instanceKlass org/apache/commons/io/filefilter/AbstractFileFilter
instanceKlass org/apache/commons/io/filefilter/FileFilterUtils
instanceKlass org/gradle/cache/internal/VersionSpecificCacheCleanupAction$MinimumTimestampProvider
instanceKlass org/gradle/cache/internal/SingleDepthFilesFinder$1
instanceKlass org/gradle/cache/internal/NonReservedFileFilter
instanceKlass org/gradle/cache/internal/CleanupActionFactory$BuildOperationCacheCleanupDecorator$1
instanceKlass com/sun/tools/javac/file/CacheFSInfo$Entry
instanceKlass com/bumptech/glide/annotation/GlideExtension
instanceKlass com/bumptech/glide/annotation/GlideModule
instanceKlass com/bumptech/glide/annotation/compiler/GlideExtensionValidator
instanceKlass com/bumptech/glide/annotation/compiler/ExtensionProcessor
instanceKlass com/bumptech/glide/repackaged/com/google/common/collect/Hashing
instanceKlass com/bumptech/glide/repackaged/com/google/common/collect/ObjectArrays
instanceKlass com/bumptech/glide/annotation/compiler/RequestBuilderGenerator
instanceKlass com/bumptech/glide/annotation/compiler/GlideGenerator
instanceKlass com/bumptech/glide/annotation/compiler/RequestManagerFactoryGenerator
instanceKlass com/bumptech/glide/annotation/compiler/RequestManagerGenerator
instanceKlass com/bumptech/glide/annotation/compiler/RequestOptionsOverrideGenerator
instanceKlass com/bumptech/glide/annotation/compiler/RequestOptionsGenerator
instanceKlass com/bumptech/glide/annotation/compiler/AppModuleGenerator
instanceKlass com/bumptech/glide/annotation/compiler/AppModuleProcessor
instanceKlass com/bumptech/glide/annotation/compiler/LibraryModuleProcessor
instanceKlass com/bumptech/glide/annotation/compiler/IndexerGenerator
instanceKlass com/bumptech/glide/repackaged/com/squareup/javapoet/Util
instanceKlass com/bumptech/glide/repackaged/com/squareup/javapoet/TypeName
instanceKlass com/bumptech/glide/repackaged/com/google/common/base/Function
instanceKlass com/bumptech/glide/repackaged/com/google/common/base/Predicate
instanceKlass com/bumptech/glide/annotation/compiler/ProcessorUtil
instanceKlass org/gradle/api/internal/artifacts/ivyservice/resolutionstrategy/DefaultCachePolicy$1
instanceKlass org/gradle/api/internal/artifacts/repositories/metadata/DefaultMavenImmutableAttributesFactory$1
instanceKlass com/bumptech/glide/annotation/GlideExtension
instanceKlass com/bumptech/glide/annotation/GlideModule
instanceKlass com/bumptech/glide/annotation/compiler/GlideExtensionValidator
instanceKlass com/bumptech/glide/annotation/compiler/ExtensionProcessor
instanceKlass com/bumptech/glide/repackaged/com/google/common/collect/Hashing
instanceKlass com/bumptech/glide/repackaged/com/google/common/collect/ObjectArrays
instanceKlass com/bumptech/glide/annotation/compiler/RequestBuilderGenerator
instanceKlass com/bumptech/glide/annotation/compiler/GlideGenerator
instanceKlass com/bumptech/glide/annotation/compiler/RequestManagerFactoryGenerator
instanceKlass com/bumptech/glide/annotation/compiler/RequestManagerGenerator
instanceKlass com/bumptech/glide/annotation/compiler/RequestOptionsOverrideGenerator
instanceKlass com/bumptech/glide/annotation/compiler/RequestOptionsGenerator
instanceKlass com/bumptech/glide/annotation/compiler/AppModuleGenerator
instanceKlass com/bumptech/glide/annotation/compiler/AppModuleProcessor
instanceKlass com/bumptech/glide/annotation/compiler/LibraryModuleProcessor
instanceKlass com/bumptech/glide/annotation/compiler/IndexerGenerator
instanceKlass com/bumptech/glide/repackaged/com/squareup/javapoet/Util
instanceKlass com/bumptech/glide/repackaged/com/squareup/javapoet/TypeName
instanceKlass com/bumptech/glide/repackaged/com/google/common/base/Function
instanceKlass com/bumptech/glide/repackaged/com/google/common/base/Predicate
instanceKlass com/bumptech/glide/annotation/compiler/ProcessorUtil
instanceKlass org/gradle/internal/typeconversion/NotationConverterToNotationParserAdapter$1
instanceKlass org/gradle/internal/serialize/kryo/StringDeduplicatingKryoBackedEncoder$1
instanceKlass com/bumptech/glide/annotation/GlideExtension
instanceKlass com/bumptech/glide/annotation/GlideModule
instanceKlass com/bumptech/glide/annotation/compiler/GlideExtensionValidator
instanceKlass com/bumptech/glide/annotation/compiler/ExtensionProcessor
instanceKlass com/bumptech/glide/repackaged/com/google/common/collect/Hashing
instanceKlass com/bumptech/glide/repackaged/com/google/common/collect/ObjectArrays
instanceKlass com/bumptech/glide/annotation/compiler/RequestBuilderGenerator
instanceKlass com/bumptech/glide/annotation/compiler/GlideGenerator
instanceKlass com/bumptech/glide/annotation/compiler/RequestManagerFactoryGenerator
instanceKlass com/bumptech/glide/annotation/compiler/RequestManagerGenerator
instanceKlass com/bumptech/glide/annotation/compiler/RequestOptionsOverrideGenerator
instanceKlass com/bumptech/glide/annotation/compiler/RequestOptionsGenerator
instanceKlass com/bumptech/glide/annotation/compiler/AppModuleGenerator
instanceKlass com/bumptech/glide/annotation/compiler/AppModuleProcessor
instanceKlass com/bumptech/glide/annotation/compiler/LibraryModuleProcessor
instanceKlass com/bumptech/glide/annotation/compiler/IndexerGenerator
instanceKlass com/bumptech/glide/repackaged/com/squareup/javapoet/Util
instanceKlass com/bumptech/glide/repackaged/com/squareup/javapoet/TypeName
instanceKlass com/bumptech/glide/repackaged/com/google/common/base/Function
instanceKlass com/bumptech/glide/repackaged/com/google/common/base/Predicate
instanceKlass com/bumptech/glide/annotation/compiler/ProcessorUtil
instanceKlass com/android/tools/build/apkzlib/zip/ExtraField$$Lambda$795
instanceKlass com/android/tools/build/apkzlib/zip/ExtraField$SegmentFactory
instanceKlass java/lang/invoke/LambdaForm$DMH
instanceKlass com/android/tools/r8/graph/DexValue$a
instanceKlass com/android/tools/r8/graph/DexEncodedMethod$a
instanceKlass org/gradle/internal/operations/BuildOperationDescriptor$1
instanceKlass java/util/ArrayDeque$1
instanceKlass org/gradle/cache/internal/btree/FileBackedBlockStore$1
instanceKlass com/android/apksig/DefaultApkSignerEngine$$Lambda$794
instanceKlass com/android/apksig/DefaultApkSignerEngine$$Lambda$793
instanceKlass com/android/apksig/internal/apk/v1/V1SchemeVerifier$NamedDigest
instanceKlass com/android/apksig/internal/jar/ManifestParser$Section
instanceKlass com/android/apksig/internal/jar/ManifestParser$Attribute
instanceKlass com/android/apksig/internal/jar/ManifestParser
instanceKlass com/android/apksig/internal/apk/v1/V1SchemeVerifier
instanceKlass com/android/apksig/internal/apk/v1/V1SchemeVerifier$Result
instanceKlass com/android/tools/build/apkzlib/sign/SigningExtension$$Lambda$792
instanceKlass org/gradle/internal/execution/history/changes/DefaultIncrementalInputProperties$$Lambda$791
instanceKlass com/google/common/collect/ForwardingObject
instanceKlass org/gradle/internal/execution/history/changes/DefaultIncrementalInputProperties$$Lambda$790
instanceKlass org/gradle/internal/execution/history/changes/DefaultIncrementalInputProperties$$Lambda$789
instanceKlass com/google/common/base/Predicates$CompositionPredicate
instanceKlass org/gradle/internal/execution/history/changes/DefaultIncrementalInputProperties$$Lambda$788
instanceKlass java/util/IdentityHashMap$1
instanceKlass com/android/build/gradle/internal/transforms/DexArchiveBuilderTransform$$Lambda$787
instanceKlass com/android/build/gradle/internal/pipeline/TransformTask$$Lambda$786
instanceKlass com/android/build/gradle/internal/pipeline/OriginalStream$$Lambda$785
instanceKlass com/android/build/gradle/internal/pipeline/TransformTask$$Lambda$784
instanceKlass com/android/build/gradle/internal/pipeline/TransformTask$$Lambda$783
instanceKlass com/android/build/gradle/internal/pipeline/TransformTask$$Lambda$782
instanceKlass com/android/build/gradle/internal/pipeline/TransformTask$$Lambda$781
instanceKlass org/gradle/internal/execution/impl/OutputsCleaner$1
instanceKlass it/unimi/dsi/fastutil/ints/IntIterators$EmptyIterator
instanceKlass it/unimi/dsi/fastutil/ints/IntList
instanceKlass it/unimi/dsi/fastutil/ints/IntListIterator
instanceKlass it/unimi/dsi/fastutil/ints/IntIterators
instanceKlass it/unimi/dsi/fastutil/ints/IntOpenHashSet$SetIterator
instanceKlass org/gradle/api/internal/tasks/compile/incremental/deps/ClassAnalysis
instanceKlass org/gradle/api/internal/tasks/compile/incremental/asm/ClassRelevancyFilter
instanceKlass org/gradle/api/internal/tasks/compile/incremental/analyzer/CachingClassDependenciesAnalyzer$1
instanceKlass org/gradle/api/internal/tasks/compile/incremental/classpath/DefaultClasspathEntrySnapshotter$EntryVisitor
instanceKlass org/gradle/api/internal/tasks/compile/incremental/deps/ClassDependentsAccumulator
instanceKlass it/unimi/dsi/fastutil/ints/IntBidirectionalIterator
instanceKlass it/unimi/dsi/fastutil/objects/ObjectBidirectionalIterator
instanceKlass it/unimi/dsi/fastutil/BidirectionalIterator
instanceKlass it/unimi/dsi/fastutil/objects/ObjectIterator
instanceKlass it/unimi/dsi/fastutil/ints/IntSets
instanceKlass org/gradle/util/RelativePathUtil
instanceKlass org/gradle/api/internal/tasks/compile/incremental/recomp/InputChangeAction
instanceKlass org/gradle/api/internal/tasks/compile/incremental/recomp/ResourceChangeProcessor
instanceKlass org/gradle/api/internal/tasks/compile/incremental/recomp/AnnotationProcessorChangeProcessor
instanceKlass org/gradle/api/internal/tasks/compile/incremental/recomp/JavaChangeProcessor
instanceKlass org/gradle/api/internal/tasks/compile/incremental/recomp/RecompilationSpecProvider$1
instanceKlass org/gradle/internal/util/Alignment
instanceKlass org/gradle/api/internal/tasks/compile/incremental/recomp/ClasspathChangeDependentsFinder
instanceKlass org/gradle/api/internal/tasks/compile/incremental/recomp/ClasspathEntryChangeProcessor
instanceKlass org/gradle/api/internal/tasks/compile/incremental/recomp/RecompilationSpec
instanceKlass org/gradle/api/internal/tasks/compile/incremental/recomp/CurrentCompilation
instanceKlass org/gradle/api/internal/tasks/compile/incremental/SelectiveCompiler
instanceKlass org/gradle/api/internal/tasks/compile/incremental/recomp/PreviousCompilation
instanceKlass org/gradle/api/internal/tasks/compile/incremental/recomp/CompilationSourceDirs$SourceRoots
instanceKlass org/gradle/internal/change/CollectingChangeVisitor
instanceKlass org/gradle/internal/execution/history/changes/IncrementalInputChanges
instanceKlass com/google/common/collect/AbstractMapBasedMultimap$Itr
instanceKlass org/gradle/internal/fingerprint/impl/FilePathWithType
instanceKlass com/google/common/collect/MultimapBuilder$MultimapBuilderWithKeys
instanceKlass com/google/common/collect/MultimapBuilder
instanceKlass com/google/common/base/Equivalence$1
instanceKlass org/gradle/internal/serialize/Message
instanceKlass com/google/common/io/Closeables
instanceKlass com/android/builder/internal/aapt/v2/Aapt2DaemonImpl$AllowShutdown
instanceKlass org/gradle/internal/serialize/ExceptionReplacingObjectOutputStream$1
instanceKlass org/gradle/tooling/internal/provider/serialization/WellKnownClassLoaderRegistry$1
instanceKlass org/gradle/tooling/internal/provider/serialization/DefaultPayloadClassLoaderRegistry$1
instanceKlass com/android/build/gradle/internal/workeractions/WorkerActionServiceRegistry$shutdownAllRegisteredServices$1$1
instanceKlass com/android/builder/model/TestVariantBuildOutput
instanceKlass com/android/build/FilterData
instanceKlass com/android/build/OutputFile
instanceKlass com/android/build/VariantOutput
instanceKlass com/android/builder/model/VariantBuildOutput
instanceKlass com/android/builder/model/BaseBuildOutput
instanceKlass com/android/build/gradle/internal/ide/DefaultProjectBuildOutput
instanceKlass com/android/build/gradle/internal/ide/BuildOutputsSupplier$$Lambda$780
instanceKlass com/android/builder/model/VariantBuildOutput
instanceKlass com/android/build/gradle/internal/ide/BuildOutputsSupplier$$Lambda$779
instanceKlass com/android/build/gradle/internal/ide/BuildOutputsSupplier
instanceKlass com/android/build/gradle/internal/ide/EarlySyncBuildOutput$Companion
instanceKlass com/android/build/gradle/internal/ide/EarlySyncBuildOutput
instanceKlass com/android/build/gradle/internal/ide/ModelBuilder$$Lambda$778
instanceKlass com/android/build/gradle/internal/ide/ModelBuilder$1
instanceKlass com/android/build/gradle/internal/ide/ModelBuilder$$Lambda$777
instanceKlass com/android/build/gradle/internal/ide/DefaultBaseBuildOutput
instanceKlass com/android/builder/model/TestVariantBuildOutput
instanceKlass com/android/builder/model/BaseBuildOutput
instanceKlass com/android/build/gradle/internal/ide/dependencies/BuildMappingUtils
instanceKlass com/android/builder/model/ProjectBuildOutput
instanceKlass com/android/builder/model/AppBundleVariantBuildOutput
instanceKlass com/android/build/gradle/internal/ide/DefaultAppBundleProjectBuildOutput
instanceKlass com/android/build/gradle/internal/ide/DefaultAppBundleVariantBuildOutput
instanceKlass com/android/builder/model/AppBundleVariantBuildOutput
instanceKlass com/android/builder/model/AppBundleProjectBuildOutput
instanceKlass com/android/builder/model/level2/GlobalLibraryMap
instanceKlass com/android/builder/model/AndroidProject
instanceKlass com/android/builder/model/AppBundleProjectBuildOutput
instanceKlass com/android/tools/idea/gradle/run/OutputBuildAction$PostBuildModuleModels
instanceKlass com/google/common/collect/PeekingIterator
instanceKlass com/google/common/collect/UnmodifiableIterator
instanceKlass com/google/common/collect/Iterators
instanceKlass org/gradle/tooling/model/gradle/GradleScript
instanceKlass org/gradle/util/DistributionLocator
instanceKlass org/gradle/buildinit/plugins/BuildInitPlugin$1$2
instanceKlass org/gradle/api/internal/AbstractTask$5
instanceKlass org/gradle/buildinit/plugins/BuildInitPlugin$1$1
instanceKlass com/android/build/gradle/internal/tasks/ModuleMetadataWriterTask$CreationAction$configure$1
instanceKlass com/android/build/gradle/internal/tasks/UninstallTask$$Lambda$776
instanceKlass java/lang/invoke/LambdaForm$MH
instanceKlass java/lang/invoke/LambdaForm$DMH
instanceKlass java/lang/invoke/LambdaForm$DMH
instanceKlass com/android/build/gradle/tasks/factory/AndroidUnitTest$CreationAction$$Lambda$775
instanceKlass java/lang/invoke/LambdaForm$DMH
instanceKlass com/android/build/gradle/tasks/factory/AndroidUnitTest$CreationAction$$Lambda$774
instanceKlass org/gradle/api/plugins/JavaBasePlugin$15
instanceKlass org/gradle/api/plugins/JavaBasePlugin$14
instanceKlass org/gradle/api/plugins/JavaBasePlugin$13
instanceKlass org/gradle/api/internal/tasks/testing/filter/DefaultTestFilter
instanceKlass org/gradle/api/reporting/internal/TaskGeneratedReport$1
instanceKlass org/gradle/api/reporting/internal/SimpleReport
instanceKlass org/gradle/api/reporting/internal/DefaultReportContainer$2
instanceKlass org/gradle/api/reporting/Report$1
instanceKlass org/gradle/api/reporting/internal/DefaultReportContainer$1
instanceKlass org/gradle/api/tasks/testing/JUnitXmlReport
instanceKlass org/gradle/api/internal/tasks/testing/logging/DefaultTestLogging
instanceKlass org/gradle/api/internal/tasks/testing/logging/DefaultTestLoggingContainer
instanceKlass org/gradle/api/internal/tasks/testing/junit/result/TestOutputStore
